0 info it worked if it ends with ok
1 verbose cli [
1 verbose cli   '/usr/bin/node',
1 verbose cli   '/usr/lib/node_modules/npm/bin/npm-cli.js',
1 verbose cli   '--globalconfig',
1 verbose cli   '/home/archreese/.atom/.apm/.apmrc',
1 verbose cli   '--userconfig',
1 verbose cli   '/home/archreese/.atom/.apmrc',
1 verbose cli   'install',
1 verbose cli   'https://www.atom.io/api/packages/solarized-seti-ui/versions/0.8.6/tarball',
1 verbose cli   '--target=4.2.12',
1 verbose cli   '--disturl=https://atom.io/download/electron',
1 verbose cli   '--arch=x64',
1 verbose cli   '--global-style'
1 verbose cli ]
2 info using npm@6.14.5
3 info using node@v14.2.0
4 verbose npm-session 3f76c81f560e8e1b
5 silly install loadCurrentTree
6 silly install readLocalPackageData
7 http fetch GET 400 https://www.atom.io/api/packages/solarized-seti-ui/versions/0.8.6/tarball 3449ms
8 silly fetchPackageMetaData error for https://www.atom.io/api/packages/solarized-seti-ui/versions/0.8.6/tarball 400 Bad Request - GET https://www.atom.io/api/packages/solarized-seti-ui/versions/0.8.6/tarball
9 timing stage:rollbackFailedOptional Completed in 1ms
10 timing stage:runTopLevelLifecycles Completed in 3482ms
11 verbose stack Error: 400 Bad Request - GET https://www.atom.io/api/packages/solarized-seti-ui/versions/0.8.6/tarball
11 verbose stack     at /usr/lib/node_modules/npm/node_modules/npm-registry-fetch/check-response.js:104:15
11 verbose stack     at processTicksAndRejections (internal/process/task_queues.js:97:5)
12 verbose statusCode 400
13 verbose pkgid https://www.atom.io/api/packages/solarized-seti-ui/versions/0.8.6/tarball
14 verbose cwd /tmp/apm-install-dir-2020415-284433-11ya0tp.8yj7
15 verbose Linux 5.4.39-1-lts
16 verbose argv "/usr/bin/node" "/usr/lib/node_modules/npm/bin/npm-cli.js" "--globalconfig" "/home/archreese/.atom/.apm/.apmrc" "--userconfig" "/home/archreese/.atom/.apmrc" "install" "https://www.atom.io/api/packages/solarized-seti-ui/versions/0.8.6/tarball" "--target=4.2.12" "--disturl=https://atom.io/download/electron" "--arch=x64" "--global-style"
17 verbose node v14.2.0
18 verbose npm  v6.14.5
19 error code E400
20 error 400 Bad Request - GET https://www.atom.io/api/packages/solarized-seti-ui/versions/0.8.6/tarball
21 verbose exit [ 1, true ]
